2025-10-10 22:05:42 - czech_scraper - INFO - Initializing Selenium WebDriver for Google Maps
2025-10-10 22:05:50 - czech_scraper - ERROR - Failed to initialize Selenium: Message: Service /home/tomas_48vaulntomas/.wdm/drivers/chromedriver/linux64/114.0.5735.90/chromedriver unexpectedly exited. Status code was: 127

2025-10-10 22:05:50 - czech_scraper - INFO - Searching registry for: restaurace, restaurant, hostinec, restaurant, bistro in Praha
2025-10-10 22:05:50 - czech_scraper - DEBUG - Fetching https://rejstrik-firem.kurzy.cz/hledani/restaurace%20Praha/ (attempt 1/3)
2025-10-10 22:05:50 - czech_scraper - WARNING - Request failed (attempt 1/3): 404 Client Error: Not found for url: https://rejstrik-firem.kurzy.cz/hledani/restaurace%20Praha/
2025-10-10 22:05:52 - czech_scraper - DEBUG - Fetching https://rejstrik-firem.kurzy.cz/hledani/restaurace%20Praha/ (attempt 2/3)
2025-10-10 22:05:53 - czech_scraper - WARNING - Request failed (attempt 2/3): 404 Client Error: Not found for url: https://rejstrik-firem.kurzy.cz/hledani/restaurace%20Praha/
2025-10-10 22:05:57 - czech_scraper - DEBUG - Fetching https://rejstrik-firem.kurzy.cz/hledani/restaurace%20Praha/ (attempt 3/3)
2025-10-10 22:05:57 - czech_scraper - WARNING - Request failed (attempt 3/3): 404 Client Error: Not found for url: https://rejstrik-firem.kurzy.cz/hledani/restaurace%20Praha/
2025-10-10 22:05:57 - czech_scraper - ERROR - Failed to fetch https://rejstrik-firem.kurzy.cz/hledani/restaurace%20Praha/ after 3 attempts
2025-10-10 22:05:57 - czech_scraper - INFO - Found 0 businesses for 'restaurace'
2025-10-10 22:05:59 - czech_scraper - DEBUG - Fetching https://rejstrik-firem.kurzy.cz/hledani/restaurant%20Praha/ (attempt 1/3)
2025-10-10 22:05:59 - czech_scraper - WARNING - Request failed (attempt 1/3): 404 Client Error: Not found for url: https://rejstrik-firem.kurzy.cz/hledani/restaurant%20Praha/
2025-10-10 22:06:01 - czech_scraper - DEBUG - Fetching https://rejstrik-firem.kurzy.cz/hledani/restaurant%20Praha/ (attempt 2/3)
2025-10-10 22:06:01 - czech_scraper - WARNING - Request failed (attempt 2/3): 404 Client Error: Not found for url: https://rejstrik-firem.kurzy.cz/hledani/restaurant%20Praha/
2025-10-10 22:06:05 - czech_scraper - DEBUG - Fetching https://rejstrik-firem.kurzy.cz/hledani/restaurant%20Praha/ (attempt 3/3)
2025-10-10 22:06:05 - czech_scraper - WARNING - Request failed (attempt 3/3): 404 Client Error: Not found for url: https://rejstrik-firem.kurzy.cz/hledani/restaurant%20Praha/
2025-10-10 22:06:05 - czech_scraper - ERROR - Failed to fetch https://rejstrik-firem.kurzy.cz/hledani/restaurant%20Praha/ after 3 attempts
2025-10-10 22:06:05 - czech_scraper - INFO - Found 0 businesses for 'restaurant'
2025-10-10 22:06:07 - czech_scraper - DEBUG - Fetching https://rejstrik-firem.kurzy.cz/hledani/hostinec%20Praha/ (attempt 1/3)
2025-10-10 22:06:07 - czech_scraper - WARNING - Request failed (attempt 1/3): 404 Client Error: Not found for url: https://rejstrik-firem.kurzy.cz/hledani/hostinec%20Praha/
2025-10-10 22:06:09 - czech_scraper - DEBUG - Fetching https://rejstrik-firem.kurzy.cz/hledani/hostinec%20Praha/ (attempt 2/3)
2025-10-10 22:06:10 - czech_scraper - WARNING - Request failed (attempt 2/3): 404 Client Error: Not found for url: https://rejstrik-firem.kurzy.cz/hledani/hostinec%20Praha/
2025-10-10 22:06:14 - czech_scraper - DEBUG - Fetching https://rejstrik-firem.kurzy.cz/hledani/hostinec%20Praha/ (attempt 3/3)
2025-10-10 22:06:13 - czech_scraper - WARNING - Request failed (attempt 3/3): 404 Client Error: Not found for url: https://rejstrik-firem.kurzy.cz/hledani/hostinec%20Praha/
2025-10-10 22:06:13 - czech_scraper - ERROR - Failed to fetch https://rejstrik-firem.kurzy.cz/hledani/hostinec%20Praha/ after 3 attempts
2025-10-10 22:06:13 - czech_scraper - INFO - Found 0 businesses for 'hostinec'
2025-10-10 22:06:15 - czech_scraper - DEBUG - Fetching https://rejstrik-firem.kurzy.cz/hledani/restaurant%20Praha/ (attempt 1/3)
2025-10-10 22:06:15 - czech_scraper - WARNING - Request failed (attempt 1/3): 404 Client Error: Not found for url: https://rejstrik-firem.kurzy.cz/hledani/restaurant%20Praha/
2025-10-10 22:06:17 - czech_scraper - DEBUG - Fetching https://rejstrik-firem.kurzy.cz/hledani/restaurant%20Praha/ (attempt 2/3)
2025-10-10 22:06:17 - czech_scraper - WARNING - Request failed (attempt 2/3): 404 Client Error: Not found for url: https://rejstrik-firem.kurzy.cz/hledani/restaurant%20Praha/
2025-10-10 22:06:21 - czech_scraper - DEBUG - Fetching https://rejstrik-firem.kurzy.cz/hledani/restaurant%20Praha/ (attempt 3/3)
2025-10-10 22:06:22 - czech_scraper - WARNING - Request failed (attempt 3/3): 404 Client Error: Not found for url: https://rejstrik-firem.kurzy.cz/hledani/restaurant%20Praha/
2025-10-10 22:06:22 - czech_scraper - ERROR - Failed to fetch https://rejstrik-firem.kurzy.cz/hledani/restaurant%20Praha/ after 3 attempts
2025-10-10 22:06:22 - czech_scraper - INFO - Found 0 businesses for 'restaurant'
2025-10-10 22:06:24 - czech_scraper - DEBUG - Fetching https://rejstrik-firem.kurzy.cz/hledani/bistro%20Praha/ (attempt 1/3)
2025-10-10 22:06:24 - czech_scraper - WARNING - Request failed (attempt 1/3): 404 Client Error: Not found for url: https://rejstrik-firem.kurzy.cz/hledani/bistro%20Praha/
2025-10-10 22:06:26 - czech_scraper - DEBUG - Fetching https://rejstrik-firem.kurzy.cz/hledani/bistro%20Praha/ (attempt 2/3)
2025-10-10 22:06:26 - czech_scraper - WARNING - Request failed (attempt 2/3): 404 Client Error: Not found for url: https://rejstrik-firem.kurzy.cz/hledani/bistro%20Praha/
2025-10-10 22:06:30 - czech_scraper - DEBUG - Fetching https://rejstrik-firem.kurzy.cz/hledani/bistro%20Praha/ (attempt 3/3)
2025-10-10 22:06:31 - czech_scraper - WARNING - Request failed (attempt 3/3): 404 Client Error: Not found for url: https://rejstrik-firem.kurzy.cz/hledani/bistro%20Praha/
2025-10-10 22:06:31 - czech_scraper - ERROR - Failed to fetch https://rejstrik-firem.kurzy.cz/hledani/bistro%20Praha/ after 3 attempts
2025-10-10 22:06:31 - czech_scraper - INFO - Found 0 businesses for 'bistro'
2025-10-10 22:06:33 - czech_scraper - INFO - Total businesses found: 0
2025-10-10 22:06:33 - czech_scraper - WARNING - No businesses found for restaurants
2025-10-10 22:06:33 - czech_scraper - INFO - Scoring 0 leads
2025-10-10 22:06:33 - czech_scraper - INFO - Priority distribution:
2025-10-10 22:06:33 - czech_scraper - INFO -   IMMEDIATE OPPORTUNITY: 0 (0.0%)
2025-10-10 22:06:33 - czech_scraper - INFO -   HIGH PRIORITY: 0 (0.0%)
2025-10-10 22:06:33 - czech_scraper - INFO -   MEDIUM PRIORITY: 0 (0.0%)
2025-10-10 22:06:33 - czech_scraper - INFO -   LOW PRIORITY: 0 (0.0%)
2025-10-10 22:06:33 - czech_scraper - WARNING - No businesses to export
