2025-10-11 14:35:53 - czech_scraper - INFO - Attempting to initialize Selenium WebDriver...
2025-10-11 14:36:31 - czech_scraper - INFO - ✓ Selenium initialized successfully
2025-10-11 14:36:31 - czech_scraper - INFO - Searching registry for: restaurace, restaurant, hostinec, restaurant, bistro, dining in Praha
2025-10-11 14:36:31 - czech_scraper - DEBUG - Searching Firmy.cz: https://www.firmy.cz/vyhledavani?q=restaurace+Praha
2025-10-11 14:36:31 - czech_scraper - DEBUG - Fetching https://www.firmy.cz/vyhledavani?q=restaurace+Praha (attempt 1/3)
2025-10-11 14:36:32 - czech_scraper - WARNING - Request failed (attempt 1/3): 404 Client Error: Not Found for url: https://www.firmy.cz/vyhledavani?q=restaurace+Praha
2025-10-11 14:36:34 - czech_scraper - DEBUG - Fetching https://www.firmy.cz/vyhledavani?q=restaurace+Praha (attempt 2/3)
2025-10-11 14:36:34 - czech_scraper - WARNING - Request failed (attempt 2/3): 404 Client Error: Not Found for url: https://www.firmy.cz/vyhledavani?q=restaurace+Praha
2025-10-11 14:36:38 - czech_scraper - DEBUG - Fetching https://www.firmy.cz/vyhledavani?q=restaurace+Praha (attempt 3/3)
2025-10-11 14:36:39 - czech_scraper - WARNING - Request failed (attempt 3/3): 404 Client Error: Not Found for url: https://www.firmy.cz/vyhledavani?q=restaurace+Praha
2025-10-11 14:36:39 - czech_scraper - ERROR - Failed to fetch https://www.firmy.cz/vyhledavani?q=restaurace+Praha after 3 attempts
2025-10-11 14:36:39 - czech_scraper - DEBUG - Searching Zoznam.sk: https://www.zoznam.sk/firma/hladanie/restaurace/Praha/
2025-10-11 14:36:39 - czech_scraper - DEBUG - Fetching https://www.zoznam.sk/firma/hladanie/restaurace/Praha/ (attempt 1/3)
2025-10-11 14:36:40 - czech_scraper - INFO - Found 0 businesses for 'restaurace'
2025-10-11 14:36:42 - czech_scraper - DEBUG - Searching Firmy.cz: https://www.firmy.cz/vyhledavani?q=restaurant+Praha
2025-10-11 14:36:42 - czech_scraper - DEBUG - Fetching https://www.firmy.cz/vyhledavani?q=restaurant+Praha (attempt 1/3)
2025-10-11 14:36:42 - czech_scraper - WARNING - Request failed (attempt 1/3): 404 Client Error: Not Found for url: https://www.firmy.cz/vyhledavani?q=restaurant+Praha
2025-10-11 14:36:44 - czech_scraper - DEBUG - Fetching https://www.firmy.cz/vyhledavani?q=restaurant+Praha (attempt 2/3)
2025-10-11 14:36:44 - czech_scraper - WARNING - Request failed (attempt 2/3): 404 Client Error: Not Found for url: https://www.firmy.cz/vyhledavani?q=restaurant+Praha
2025-10-11 14:36:48 - czech_scraper - DEBUG - Fetching https://www.firmy.cz/vyhledavani?q=restaurant+Praha (attempt 3/3)
2025-10-11 14:36:48 - czech_scraper - WARNING - Request failed (attempt 3/3): 404 Client Error: Not Found for url: https://www.firmy.cz/vyhledavani?q=restaurant+Praha
2025-10-11 14:36:48 - czech_scraper - ERROR - Failed to fetch https://www.firmy.cz/vyhledavani?q=restaurant+Praha after 3 attempts
2025-10-11 14:36:48 - czech_scraper - DEBUG - Searching Zoznam.sk: https://www.zoznam.sk/firma/hladanie/restaurant/Praha/
2025-10-11 14:36:48 - czech_scraper - DEBUG - Fetching https://www.zoznam.sk/firma/hladanie/restaurant/Praha/ (attempt 1/3)
2025-10-11 14:36:50 - czech_scraper - INFO - Found 0 businesses for 'restaurant'
2025-10-11 14:36:52 - czech_scraper - DEBUG - Searching Firmy.cz: https://www.firmy.cz/vyhledavani?q=hostinec+Praha
2025-10-11 14:36:52 - czech_scraper - DEBUG - Fetching https://www.firmy.cz/vyhledavani?q=hostinec+Praha (attempt 1/3)
2025-10-11 14:36:52 - czech_scraper - WARNING - Request failed (attempt 1/3): 404 Client Error: Not Found for url: https://www.firmy.cz/vyhledavani?q=hostinec+Praha
2025-10-11 14:36:54 - czech_scraper - DEBUG - Fetching https://www.firmy.cz/vyhledavani?q=hostinec+Praha (attempt 2/3)
2025-10-11 14:36:55 - czech_scraper - WARNING - Request failed (attempt 2/3): 404 Client Error: Not Found for url: https://www.firmy.cz/vyhledavani?q=hostinec+Praha
2025-10-11 14:36:59 - czech_scraper - DEBUG - Fetching https://www.firmy.cz/vyhledavani?q=hostinec+Praha (attempt 3/3)
2025-10-11 14:36:59 - czech_scraper - WARNING - Request failed (attempt 3/3): 404 Client Error: Not Found for url: https://www.firmy.cz/vyhledavani?q=hostinec+Praha
2025-10-11 14:36:59 - czech_scraper - ERROR - Failed to fetch https://www.firmy.cz/vyhledavani?q=hostinec+Praha after 3 attempts
2025-10-11 14:36:59 - czech_scraper - DEBUG - Searching Zoznam.sk: https://www.zoznam.sk/firma/hladanie/hostinec/Praha/
2025-10-11 14:36:59 - czech_scraper - DEBUG - Fetching https://www.zoznam.sk/firma/hladanie/hostinec/Praha/ (attempt 1/3)
2025-10-11 14:37:01 - czech_scraper - INFO - Found 0 businesses for 'hostinec'
2025-10-11 14:37:03 - czech_scraper - DEBUG - Searching Firmy.cz: https://www.firmy.cz/vyhledavani?q=restaurant+Praha
2025-10-11 14:37:03 - czech_scraper - DEBUG - Fetching https://www.firmy.cz/vyhledavani?q=restaurant+Praha (attempt 1/3)
2025-10-11 14:37:03 - czech_scraper - WARNING - Request failed (attempt 1/3): 404 Client Error: Not Found for url: https://www.firmy.cz/vyhledavani?q=restaurant+Praha
2025-10-11 14:37:05 - czech_scraper - DEBUG - Fetching https://www.firmy.cz/vyhledavani?q=restaurant+Praha (attempt 2/3)
2025-10-11 14:37:05 - czech_scraper - WARNING - Request failed (attempt 2/3): 404 Client Error: Not Found for url: https://www.firmy.cz/vyhledavani?q=restaurant+Praha
2025-10-11 14:37:09 - czech_scraper - DEBUG - Fetching https://www.firmy.cz/vyhledavani?q=restaurant+Praha (attempt 3/3)
2025-10-11 14:37:09 - czech_scraper - WARNING - Request failed (attempt 3/3): 404 Client Error: Not Found for url: https://www.firmy.cz/vyhledavani?q=restaurant+Praha
2025-10-11 14:37:09 - czech_scraper - ERROR - Failed to fetch https://www.firmy.cz/vyhledavani?q=restaurant+Praha after 3 attempts
2025-10-11 14:37:09 - czech_scraper - DEBUG - Searching Zoznam.sk: https://www.zoznam.sk/firma/hladanie/restaurant/Praha/
2025-10-11 14:37:09 - czech_scraper - DEBUG - Fetching https://www.zoznam.sk/firma/hladanie/restaurant/Praha/ (attempt 1/3)
2025-10-11 14:37:10 - czech_scraper - INFO - Found 0 businesses for 'restaurant'
2025-10-11 14:37:12 - czech_scraper - DEBUG - Searching Firmy.cz: https://www.firmy.cz/vyhledavani?q=bistro+Praha
2025-10-11 14:37:12 - czech_scraper - DEBUG - Fetching https://www.firmy.cz/vyhledavani?q=bistro+Praha (attempt 1/3)
2025-10-11 14:37:12 - czech_scraper - WARNING - Request failed (attempt 1/3): 404 Client Error: Not Found for url: https://www.firmy.cz/vyhledavani?q=bistro+Praha
2025-10-11 14:37:14 - czech_scraper - DEBUG - Fetching https://www.firmy.cz/vyhledavani?q=bistro+Praha (attempt 2/3)
2025-10-11 14:37:15 - czech_scraper - WARNING - Request failed (attempt 2/3): 404 Client Error: Not Found for url: https://www.firmy.cz/vyhledavani?q=bistro+Praha
2025-10-11 14:37:19 - czech_scraper - DEBUG - Fetching https://www.firmy.cz/vyhledavani?q=bistro+Praha (attempt 3/3)
2025-10-11 14:37:19 - czech_scraper - WARNING - Request failed (attempt 3/3): 404 Client Error: Not Found for url: https://www.firmy.cz/vyhledavani?q=bistro+Praha
2025-10-11 14:37:19 - czech_scraper - ERROR - Failed to fetch https://www.firmy.cz/vyhledavani?q=bistro+Praha after 3 attempts
2025-10-11 14:37:19 - czech_scraper - DEBUG - Searching Zoznam.sk: https://www.zoznam.sk/firma/hladanie/bistro/Praha/
2025-10-11 14:37:19 - czech_scraper - DEBUG - Fetching https://www.zoznam.sk/firma/hladanie/bistro/Praha/ (attempt 1/3)
2025-10-11 14:37:21 - czech_scraper - INFO - Found 0 businesses for 'bistro'
2025-10-11 14:37:23 - czech_scraper - DEBUG - Searching Firmy.cz: https://www.firmy.cz/vyhledavani?q=dining+Praha
2025-10-11 14:37:23 - czech_scraper - DEBUG - Fetching https://www.firmy.cz/vyhledavani?q=dining+Praha (attempt 1/3)
2025-10-11 14:37:23 - czech_scraper - WARNING - Request failed (attempt 1/3): 404 Client Error: Not Found for url: https://www.firmy.cz/vyhledavani?q=dining+Praha
2025-10-11 14:37:25 - czech_scraper - DEBUG - Fetching https://www.firmy.cz/vyhledavani?q=dining+Praha (attempt 2/3)
2025-10-11 14:37:25 - czech_scraper - WARNING - Request failed (attempt 2/3): 404 Client Error: Not Found for url: https://www.firmy.cz/vyhledavani?q=dining+Praha
2025-10-11 14:37:29 - czech_scraper - DEBUG - Fetching https://www.firmy.cz/vyhledavani?q=dining+Praha (attempt 3/3)
2025-10-11 14:37:29 - czech_scraper - WARNING - Request failed (attempt 3/3): 404 Client Error: Not Found for url: https://www.firmy.cz/vyhledavani?q=dining+Praha
2025-10-11 14:37:29 - czech_scraper - ERROR - Failed to fetch https://www.firmy.cz/vyhledavani?q=dining+Praha after 3 attempts
2025-10-11 14:37:29 - czech_scraper - DEBUG - Searching Zoznam.sk: https://www.zoznam.sk/firma/hladanie/dining/Praha/
2025-10-11 14:37:29 - czech_scraper - DEBUG - Fetching https://www.zoznam.sk/firma/hladanie/dining/Praha/ (attempt 1/3)
2025-10-11 14:37:30 - czech_scraper - INFO - Found 0 businesses for 'dining'
2025-10-11 14:37:32 - czech_scraper - INFO - Total businesses found: 0
